
**** Build of configuration Debug for project part1_group13 ****

"C:\\TI\\ccs\\utils\\bin\\gmake" -k -j 20 all -O 
 
Building file: "../inc/motor.c"
Invoking: Arm Compiler
"C:/TI/ccs/tools/compiler/ti-cgt-arm_20.2.5.LTS/bin/armcl" -mv7M4 --code_state=16 --float_support=FPv4SPD16 -me --include_path="C:/TI/ccs/ccs_base/arm/include" --include_path="C:/TI/ccs/ccs_base/arm/include/CMSIS" --include_path="C:/Users/fx19583/workspace_v10/part1_group13" --include_path="C:/TI/ccs/tools/compiler/ti-cgt-arm_20.2.5.LTS/include" --advice:power=all --define=__MSP432P401R__ --define=ccs -g --gcc --diag_warning=225 --diag_wrap=off --display_error_number --abi=eabi --preproc_with_compile --preproc_dependency="inc/motor.d_raw" --obj_directory="inc"  "../inc/motor.c"
"../inc/motor.c", line 72: warning #179-D: variable "i" was declared but never referenced
"../inc/motor.c", line 73: warning #552-D: variable "L" was set but never used
"../inc/motor.c", line 76: remark #2624-D: (ULP 5.4) Detected an assignment to a type with size less than int. To avoid unnecessary sign extension, use int-sized types for local varaibles and convert to smaller types for static storage.
"../inc/motor.c", line 118: warning #179-D: variable "i" was declared but never referenced
"../inc/motor.c", line 119: warning #552-D: variable "L" was set but never used
"../inc/motor.c", line 122: remark #2624-D: (ULP 5.4) Detected an assignment to a type with size less than int. To avoid unnecessary sign extension, use int-sized types for local varaibles and convert to smaller types for static storage.
"../inc/motor.c", line 175: warning #179-D: variable "i" was declared but never referenced
"../inc/motor.c", line 176: warning #552-D: variable "L" was set but never used
"../inc/motor.c", line 179: remark #2624-D: (ULP 5.4) Detected an assignment to a type with size less than int. To avoid unnecessary sign extension, use int-sized types for local varaibles and convert to smaller types for static storage.
"../inc/motor.c", line 220: warning #179-D: variable "i" was declared but never referenced
"../inc/motor.c", line 221: warning #552-D: variable "L" was set but never used
"../inc/motor.c", line 224: remark #2624-D: (ULP 5.4) Detected an assignment to a type with size less than int. To avoid unnecessary sign extension, use int-sized types for local varaibles and convert to smaller types for static storage.
Finished building: "../inc/motor.c"
 
Building target: "part1_group13.out"
Invoking: Arm Linker
"C:/TI/ccs/tools/compiler/ti-cgt-arm_20.2.5.LTS/bin/armcl" -mv7M4 --code_state=16 --float_support=FPv4SPD16 -me --advice:power=all --define=__MSP432P401R__ --define=ccs -g --gcc --diag_warning=225 --diag_wrap=off --display_error_number --abi=eabi -z -m"part1_group13.map" --heap_size=1024 --stack_size=512 -i"C:/TI/ccs/ccs_base/arm/include" -i"C:/TI/ccs/tools/compiler/ti-cgt-arm_20.2.5.LTS/lib" -i"C:/TI/ccs/tools/compiler/ti-cgt-arm_20.2.5.LTS/include" --reread_libs --diag_wrap=off --display_error_number --warn_sections --xml_link_info="part1_group13_linkInfo.xml" --rom_model -o "part1_group13.out" "./Part1_Interrupt_bumsw_motor.obj" "./startup_msp432p401r_ccs.obj" "./system_msp432p401r.obj" "./inc/Clock.obj" "./inc/CortexM.obj" "./inc/SysTick.obj" "./inc/motor.obj" "../msp432p401r.cmd"  -llibc.a 
<Linking>
remark #10371-D: (ULP 1.1) Detected no uses of low power mode state changing instructions
remark #10372-D: (ULP 4.1) Detected uninitialized Port 1 in this project. Recommend initializing all unused ports to eliminate wasted current consumption on unused pins.
remark #10372-D: (ULP 4.1) Detected uninitialized Port 2 in this project. Recommend initializing all unused ports to eliminate wasted current consumption on unused pins.
remark #10372-D: (ULP 4.1) Detected uninitialized Port 3 in this project. Recommend initializing all unused ports to eliminate wasted current consumption on unused pins.
remark #10372-D: (ULP 4.1) Detected uninitialized Port 4 in this project. Recommend initializing all unused ports to eliminate wasted current consumption on unused pins.
remark #10372-D: (ULP 4.1) Detected uninitialized Port 5 in this project. Recommend initializing all unused ports to eliminate wasted current consumption on unused pins.
remark #10372-D: (ULP 4.1) Detected uninitialized Port 6 in this project. Recommend initializing all unused ports to eliminate wasted current consumption on unused pins.
remark #10372-D: (ULP 4.1) Detected uninitialized Port 7 in this project. Recommend initializing all unused ports to eliminate wasted current consumption on unused pins.
remark #10372-D: (ULP 4.1) Detected uninitialized Port 8 in this project. Recommend initializing all unused ports to eliminate wasted current consumption on unused pins.
remark #10372-D: (ULP 4.1) Detected uninitialized Port 9 in this project. Recommend initializing all unused ports to eliminate wasted current consumption on unused pins.
remark #10372-D: (ULP 4.1) Detected uninitialized Port 10 in this project. Recommend initializing all unused ports to eliminate wasted current consumption on unused pins.
Finished building target: "part1_group13.out"
 

**** Build Finished ****
